  theTwist.cpp
c:\users\o l d\desktop\1_etudes\2s\168_c++\exams\tp3\headers\pieces.h(372): warning C4244: '=': conversion from 'int' to 'float', possible loss of data
c:\users\o l d\desktop\1_etudes\2s\168_c++\exams\tp3\headers\pieces.h(372): warning C4244: '=': conversion from 'float' to 'int', possible loss of data
c:\users\o l d\desktop\1_etudes\2s\168_c++\exams\tp3\headers\pieces.h(482): warning C4018: '<': signed/unsigned mismatch
c:\users\o l d\desktop\1_etudes\2s\168_c++\exams\tp3\headers\pieces.h(632): warning C4244: 'initializing': conversion from 'const float' to 'int', possible loss of data
c:\users\o l d\desktop\1_etudes\2s\168_c++\exams\tp3\headers\pieces.h(645): warning C4244: 'argument': conversion from 'int' to 'float', possible loss of data
c:\users\o l d\desktop\1_etudes\2s\168_c++\exams\tp3\headers\pieces.h(647): warning C4244: 'argument': conversion from 'int' to 'float', possible loss of data
c:\users\o l d\desktop\1_etudes\2s\168_c++\exams\tp3\projet\projet\thetwist.cpp(66): warning C4390: ';': empty controlled statement found; is this the intent?
c:\users\o l d\desktop\1_etudes\2s\168_c++\exams\tp3\projet\projet\thetwist.cpp(82): warning C4390: ';': empty controlled statement found; is this the intent?
c:\users\o l d\desktop\1_etudes\2s\168_c++\exams\tp3\projet\projet\thetwist.cpp(145): warning C4244: 'argument': conversion from 'int' to 'float', possible loss of data
c:\users\o l d\desktop\1_etudes\2s\168_c++\exams\tp3\projet\projet\thetwist.cpp(157): warning C4996: 'sf::Text::setColor': was declared deprecated
  c:\users\o l d\desktop\1_etudes\2s\168_c++\exams\tp3\projet\packages\sfml-system.2.4.0.0\build\native\include\sfml\graphics\text.hpp(177): note: see declaration of 'sf::Text::setColor'
c:\users\o l d\desktop\1_etudes\2s\168_c++\exams\tp3\projet\projet\thetwist.cpp(165): warning C4996: 'sf::Text::setColor': was declared deprecated
  c:\users\o l d\desktop\1_etudes\2s\168_c++\exams\tp3\projet\packages\sfml-system.2.4.0.0\build\native\include\sfml\graphics\text.hpp(177): note: see declaration of 'sf::Text::setColor'
c:\users\o l d\desktop\1_etudes\2s\168_c++\exams\tp3\projet\projet\thetwist.cpp(173): warning C4996: 'sf::Text::setColor': was declared deprecated
  c:\users\o l d\desktop\1_etudes\2s\168_c++\exams\tp3\projet\packages\sfml-system.2.4.0.0\build\native\include\sfml\graphics\text.hpp(177): note: see declaration of 'sf::Text::setColor'
c:\users\o l d\desktop\1_etudes\2s\168_c++\exams\tp3\projet\projet\thetwist.cpp(181): warning C4996: 'sf::Text::setColor': was declared deprecated
  c:\users\o l d\desktop\1_etudes\2s\168_c++\exams\tp3\projet\packages\sfml-system.2.4.0.0\build\native\include\sfml\graphics\text.hpp(177): note: see declaration of 'sf::Text::setColor'
c:\users\o l d\desktop\1_etudes\2s\168_c++\exams\tp3\projet\projet\thetwist.cpp(189): warning C4996: 'sf::Text::setColor': was declared deprecated
  c:\users\o l d\desktop\1_etudes\2s\168_c++\exams\tp3\projet\packages\sfml-system.2.4.0.0\build\native\include\sfml\graphics\text.hpp(177): note: see declaration of 'sf::Text::setColor'
c:\users\o l d\desktop\1_etudes\2s\168_c++\exams\tp3\projet\projet\thetwist.cpp(197): warning C4996: 'sf::Text::setColor': was declared deprecated
  c:\users\o l d\desktop\1_etudes\2s\168_c++\exams\tp3\projet\packages\sfml-system.2.4.0.0\build\native\include\sfml\graphics\text.hpp(177): note: see declaration of 'sf::Text::setColor'
c:\users\o l d\desktop\1_etudes\2s\168_c++\exams\tp3\projet\projet\thetwist.cpp(307): warning C4244: 'argument': conversion from 'time_t' to 'unsigned int', possible loss of data
c:\users\o l d\desktop\1_etudes\2s\168_c++\exams\tp3\projet\projet\thetwist.cpp(662): warning C4390: ';': empty controlled statement found; is this the intent?
c:\users\o l d\desktop\1_etudes\2s\168_c++\exams\tp3\projet\projet\thetwist.cpp(673): warning C4390: ';': empty controlled statement found; is this the intent?
c:\users\o l d\desktop\1_etudes\2s\168_c++\exams\tp3\projet\projet\thetwist.cpp(678): warning C4996: 'sf::Text::setColor': was declared deprecated
  c:\users\o l d\desktop\1_etudes\2s\168_c++\exams\tp3\projet\packages\sfml-system.2.4.0.0\build\native\include\sfml\graphics\text.hpp(177): note: see declaration of 'sf::Text::setColor'
c:\users\o l d\desktop\1_etudes\2s\168_c++\exams\tp3\projet\projet\thetwist.cpp(690): warning C4996: 'sf::Text::setColor': was declared deprecated
  c:\users\o l d\desktop\1_etudes\2s\168_c++\exams\tp3\projet\packages\sfml-system.2.4.0.0\build\native\include\sfml\graphics\text.hpp(177): note: see declaration of 'sf::Text::setColor'
c:\users\o l d\desktop\1_etudes\2s\168_c++\exams\tp3\projet\projet\thetwist.cpp(701): warning C4996: 'sf::Text::setColor': was declared deprecated
  c:\users\o l d\desktop\1_etudes\2s\168_c++\exams\tp3\projet\packages\sfml-system.2.4.0.0\build\native\include\sfml\graphics\text.hpp(177): note: see declaration of 'sf::Text::setColor'
c:\users\o l d\desktop\1_etudes\2s\168_c++\exams\tp3\projet\projet\thetwist.cpp(713): warning C4996: 'sf::Text::setColor': was declared deprecated
  c:\users\o l d\desktop\1_etudes\2s\168_c++\exams\tp3\projet\packages\sfml-system.2.4.0.0\build\native\include\sfml\graphics\text.hpp(177): note: see declaration of 'sf::Text::setColor'
c:\users\o l d\desktop\1_etudes\2s\168_c++\exams\tp3\projet\projet\thetwist.cpp(725): warning C4996: 'sf::Text::setColor': was declared deprecated
  c:\users\o l d\desktop\1_etudes\2s\168_c++\exams\tp3\projet\packages\sfml-system.2.4.0.0\build\native\include\sfml\graphics\text.hpp(177): note: see declaration of 'sf::Text::setColor'
c:\users\o l d\desktop\1_etudes\2s\168_c++\exams\tp3\projet\projet\thetwist.cpp(737): warning C4996: 'sf::Text::setColor': was declared deprecated
  c:\users\o l d\desktop\1_etudes\2s\168_c++\exams\tp3\projet\packages\sfml-system.2.4.0.0\build\native\include\sfml\graphics\text.hpp(177): note: see declaration of 'sf::Text::setColor'
c:\users\o l d\desktop\1_etudes\2s\168_c++\exams\tp3\projet\projet\thetwist.cpp(749): warning C4996: 'sf::Text::setColor': was declared deprecated
  c:\users\o l d\desktop\1_etudes\2s\168_c++\exams\tp3\projet\packages\sfml-system.2.4.0.0\build\native\include\sfml\graphics\text.hpp(177): note: see declaration of 'sf::Text::setColor'
c:\users\o l d\desktop\1_etudes\2s\168_c++\exams\tp3\projet\projet\thetwist.cpp(802): warning C4996: 'sf::Text::setColor': was declared deprecated
  c:\users\o l d\desktop\1_etudes\2s\168_c++\exams\tp3\projet\packages\sfml-system.2.4.0.0\build\native\include\sfml\graphics\text.hpp(177): note: see declaration of 'sf::Text::setColor'
c:\users\o l d\desktop\1_etudes\2s\168_c++\exams\tp3\projet\projet\thetwist.cpp(813): warning C4996: 'sf::Text::setColor': was declared deprecated
  c:\users\o l d\desktop\1_etudes\2s\168_c++\exams\tp3\projet\packages\sfml-system.2.4.0.0\build\native\include\sfml\graphics\text.hpp(177): note: see declaration of 'sf::Text::setColor'
c:\users\o l d\desktop\1_etudes\2s\168_c++\exams\tp3\projet\projet\thetwist.cpp(832): warning C4996: 'sf::Text::setColor': was declared deprecated
  c:\users\o l d\desktop\1_etudes\2s\168_c++\exams\tp3\projet\packages\sfml-system.2.4.0.0\build\native\include\sfml\graphics\text.hpp(177): note: see declaration of 'sf::Text::setColor'
c:\users\o l d\desktop\1_etudes\2s\168_c++\exams\tp3\projet\projet\thetwist.cpp(843): warning C4996: 'sf::Text::setColor': was declared deprecated
  c:\users\o l d\desktop\1_etudes\2s\168_c++\exams\tp3\projet\packages\sfml-system.2.4.0.0\build\native\include\sfml\graphics\text.hpp(177): note: see declaration of 'sf::Text::setColor'
c:\users\o l d\desktop\1_etudes\2s\168_c++\exams\tp3\projet\projet\thetwist.cpp(858): warning C4996: 'sf::Text::setColor': was declared deprecated
  c:\users\o l d\desktop\1_etudes\2s\168_c++\exams\tp3\projet\packages\sfml-system.2.4.0.0\build\native\include\sfml\graphics\text.hpp(177): note: see declaration of 'sf::Text::setColor'
c:\users\o l d\desktop\1_etudes\2s\168_c++\exams\tp3\projet\projet\thetwist.cpp(865): warning C4996: 'sf::Text::setColor': was declared deprecated
  c:\users\o l d\desktop\1_etudes\2s\168_c++\exams\tp3\projet\packages\sfml-system.2.4.0.0\build\native\include\sfml\graphics\text.hpp(177): note: see declaration of 'sf::Text::setColor'
c:\users\o l d\desktop\1_etudes\2s\168_c++\exams\tp3\projet\projet\thetwist.cpp(872): warning C4996: 'sf::Text::setColor': was declared deprecated
  c:\users\o l d\desktop\1_etudes\2s\168_c++\exams\tp3\projet\packages\sfml-system.2.4.0.0\build\native\include\sfml\graphics\text.hpp(177): note: see declaration of 'sf::Text::setColor'
c:\users\o l d\desktop\1_etudes\2s\168_c++\exams\tp3\projet\projet\thetwist.cpp(887): warning C4996: 'sf::Text::setColor': was declared deprecated
  c:\users\o l d\desktop\1_etudes\2s\168_c++\exams\tp3\projet\packages\sfml-system.2.4.0.0\build\native\include\sfml\graphics\text.hpp(177): note: see declaration of 'sf::Text::setColor'
c:\users\o l d\desktop\1_etudes\2s\168_c++\exams\tp3\projet\projet\thetwist.cpp(894): warning C4996: 'sf::Text::setColor': was declared deprecated
  c:\users\o l d\desktop\1_etudes\2s\168_c++\exams\tp3\projet\packages\sfml-system.2.4.0.0\build\native\include\sfml\graphics\text.hpp(177): note: see declaration of 'sf::Text::setColor'
c:\users\o l d\desktop\1_etudes\2s\168_c++\exams\tp3\projet\projet\thetwist.cpp(901): warning C4996: 'sf::Text::setColor': was declared deprecated
  c:\users\o l d\desktop\1_etudes\2s\168_c++\exams\tp3\projet\packages\sfml-system.2.4.0.0\build\native\include\sfml\graphics\text.hpp(177): note: see declaration of 'sf::Text::setColor'
c:\users\o l d\desktop\1_etudes\2s\168_c++\exams\tp3\projet\projet\thetwist.cpp(916): warning C4996: 'sf::Text::setColor': was declared deprecated
  c:\users\o l d\desktop\1_etudes\2s\168_c++\exams\tp3\projet\packages\sfml-system.2.4.0.0\build\native\include\sfml\graphics\text.hpp(177): note: see declaration of 'sf::Text::setColor'
c:\users\o l d\desktop\1_etudes\2s\168_c++\exams\tp3\projet\projet\thetwist.cpp(923): warning C4996: 'sf::Text::setColor': was declared deprecated
  c:\users\o l d\desktop\1_etudes\2s\168_c++\exams\tp3\projet\packages\sfml-system.2.4.0.0\build\native\include\sfml\graphics\text.hpp(177): note: see declaration of 'sf::Text::setColor'
c:\users\o l d\desktop\1_etudes\2s\168_c++\exams\tp3\projet\projet\thetwist.cpp(930): warning C4996: 'sf::Text::setColor': was declared deprecated
  c:\users\o l d\desktop\1_etudes\2s\168_c++\exams\tp3\projet\packages\sfml-system.2.4.0.0\build\native\include\sfml\graphics\text.hpp(177): note: see declaration of 'sf::Text::setColor'
c:\users\o l d\desktop\1_etudes\2s\168_c++\exams\tp3\projet\projet\thetwist.cpp(939): warning C4390: ';': empty controlled statement found; is this the intent?
c:\users\o l d\desktop\1_etudes\2s\168_c++\exams\tp3\projet\projet\thetwist.cpp(946): warning C4996: 'sf::Text::setColor': was declared deprecated
  c:\users\o l d\desktop\1_etudes\2s\168_c++\exams\tp3\projet\packages\sfml-system.2.4.0.0\build\native\include\sfml\graphics\text.hpp(177): note: see declaration of 'sf::Text::setColor'
c:\users\o l d\desktop\1_etudes\2s\168_c++\exams\tp3\projet\projet\thetwist.cpp(976): warning C4996: 'sf::Text::setColor': was declared deprecated
  c:\users\o l d\desktop\1_etudes\2s\168_c++\exams\tp3\projet\packages\sfml-system.2.4.0.0\build\native\include\sfml\graphics\text.hpp(177): note: see declaration of 'sf::Text::setColor'
c:\users\o l d\desktop\1_etudes\2s\168_c++\exams\tp3\projet\projet\thetwist.cpp(984): warning C4390: ';': empty controlled statement found; is this the intent?
c:\users\o l d\desktop\1_etudes\2s\168_c++\exams\tp3\projet\projet\thetwist.cpp(1069): warning C4390: ';': empty controlled statement found; is this the intent?
c:\users\o l d\desktop\1_etudes\2s\168_c++\exams\tp3\projet\projet\thetwist.cpp(1078): warning C4996: 'sf::Text::setColor': was declared deprecated
  c:\users\o l d\desktop\1_etudes\2s\168_c++\exams\tp3\projet\packages\sfml-system.2.4.0.0\build\native\include\sfml\graphics\text.hpp(177): note: see declaration of 'sf::Text::setColor'
c:\users\o l d\desktop\1_etudes\2s\168_c++\exams\tp3\projet\projet\thetwist.cpp(1082): warning C4996: 'sf::Text::setColor': was declared deprecated
  c:\users\o l d\desktop\1_etudes\2s\168_c++\exams\tp3\projet\packages\sfml-system.2.4.0.0\build\native\include\sfml\graphics\text.hpp(177): note: see declaration of 'sf::Text::setColor'
c:\users\o l d\desktop\1_etudes\2s\168_c++\exams\tp3\projet\projet\thetwist.cpp(1086): warning C4996: 'sf::Text::setColor': was declared deprecated
  c:\users\o l d\desktop\1_etudes\2s\168_c++\exams\tp3\projet\packages\sfml-system.2.4.0.0\build\native\include\sfml\graphics\text.hpp(177): note: see declaration of 'sf::Text::setColor'
c:\users\o l d\desktop\1_etudes\2s\168_c++\exams\tp3\projet\projet\thetwist.cpp(1090): warning C4996: 'sf::Text::setColor': was declared deprecated
  c:\users\o l d\desktop\1_etudes\2s\168_c++\exams\tp3\projet\packages\sfml-system.2.4.0.0\build\native\include\sfml\graphics\text.hpp(177): note: see declaration of 'sf::Text::setColor'
c:\users\o l d\desktop\1_etudes\2s\168_c++\exams\tp3\projet\projet\thetwist.cpp(1094): warning C4996: 'sf::Text::setColor': was declared deprecated
  c:\users\o l d\desktop\1_etudes\2s\168_c++\exams\tp3\projet\packages\sfml-system.2.4.0.0\build\native\include\sfml\graphics\text.hpp(177): note: see declaration of 'sf::Text::setColor'
c:\users\o l d\desktop\1_etudes\2s\168_c++\exams\tp3\projet\projet\thetwist.cpp(1098): warning C4996: 'sf::Text::setColor': was declared deprecated
  c:\users\o l d\desktop\1_etudes\2s\168_c++\exams\tp3\projet\packages\sfml-system.2.4.0.0\build\native\include\sfml\graphics\text.hpp(177): note: see declaration of 'sf::Text::setColor'
c:\users\o l d\desktop\1_etudes\2s\168_c++\exams\tp3\projet\projet\thetwist.cpp(1100): warning C4996: 'sf::Text::setColor': was declared deprecated
  c:\users\o l d\desktop\1_etudes\2s\168_c++\exams\tp3\projet\packages\sfml-system.2.4.0.0\build\native\include\sfml\graphics\text.hpp(177): note: see declaration of 'sf::Text::setColor'
c:\users\o l d\desktop\1_etudes\2s\168_c++\exams\tp3\projet\projet\thetwist.cpp(1106): warning C4390: ';': empty controlled statement found; is this the intent?
c:\users\o l d\desktop\1_etudes\2s\168_c++\exams\tp3\projet\projet\thetwist.cpp(1118): warning C4390: ';': empty controlled statement found; is this the intent?
c:\users\o l d\desktop\1_etudes\2s\168_c++\exams\tp3\projet\projet\thetwist.cpp(1130): warning C4390: ';': empty controlled statement found; is this the intent?
c:\users\o l d\desktop\1_etudes\2s\168_c++\exams\tp3\projet\projet\thetwist.cpp(1141): warning C4390: ';': empty controlled statement found; is this the intent?
c:\users\o l d\desktop\1_etudes\2s\168_c++\exams\tp3\projet\projet\thetwist.cpp(1164): warning C4244: 'initializing': conversion from 'time_t' to 'unsigned int', possible loss of data
c:\users\o l d\desktop\1_etudes\2s\168_c++\exams\tp3\projet\projet\thetwist.cpp(1487): warning C4305: 'argument': truncation from 'double' to 'float'
c:\users\o l d\desktop\1_etudes\2s\168_c++\exams\tp3\projet\projet\thetwist.cpp(1527): warning C4305: 'argument': truncation from 'double' to 'float'
c:\users\o l d\desktop\1_etudes\2s\168_c++\exams\tp3\projet\projet\thetwist.cpp(1300): warning C4390: ';': empty controlled statement found; is this the intent?
c:\users\o l d\desktop\1_etudes\2s\168_c++\exams\tp3\projet\projet\thetwist.cpp(1318): warning C4808: case '2' is not a valid value for switch condition of type 'bool'
c:\users\o l d\desktop\1_etudes\2s\168_c++\exams\tp3\projet\projet\thetwist.cpp(1327): warning C4808: case '3' is not a valid value for switch condition of type 'bool'
c:\users\o l d\desktop\1_etudes\2s\168_c++\exams\tp3\projet\projet\thetwist.cpp(1336): warning C4808: case '4' is not a valid value for switch condition of type 'bool'
c:\users\o l d\desktop\1_etudes\2s\168_c++\exams\tp3\projet\projet\thetwist.cpp(1345): warning C4808: case '5' is not a valid value for switch condition of type 'bool'
c:\users\o l d\desktop\1_etudes\2s\168_c++\exams\tp3\projet\projet\thetwist.cpp(1354): warning C4808: case '6' is not a valid value for switch condition of type 'bool'
c:\users\o l d\desktop\1_etudes\2s\168_c++\exams\tp3\projet\projet\thetwist.cpp(1363): warning C4808: case '7' is not a valid value for switch condition of type 'bool'
c:\users\o l d\desktop\1_etudes\2s\168_c++\exams\tp3\projet\projet\thetwist.cpp(1454): warning C4101: 'posy': unreferenced local variable
c:\users\o l d\desktop\1_etudes\2s\168_c++\exams\tp3\projet\projet\thetwist.cpp(1454): warning C4101: 'posx': unreferenced local variable
c:\users\o l d\desktop\1_etudes\2s\168_c++\exams\tp3\projet\projet\thetwist.cpp(1053): warning C4715: 'choixMenu': not all control paths return a value
c:\users\o l d\desktop\1_etudes\2s\168_c++\exams\tp3\projet\projet\thetwist.cpp(1015): warning C4715: 'menuOption': not all control paths return a value
theTwist.obj : error LNK2019: unresolved external symbol "__declspec(dllimport) public: static bool __cdecl sf::Keyboard::isKeyPressed(enum sf::Keyboard::Key)" (__imp_?isKeyPressed@Keyboard@sf@@SA_NW4Key@12@@Z) referenced in function _main
theTwist.obj : error LNK2019: unresolved external symbol "__declspec(dllimport) public: static class sf::Vector2<int> __cdecl sf::Mouse::getPosition(class sf::Window const &)" (__imp_?getPosition@Mouse@sf@@SA?AV?$Vector2@H@2@ABVWindow@2@@Z) referenced in function "int __cdecl choixMenu(class sf::RenderWindow &,class std::basic_string<char,struct std::char_traits<char>,class std::allocator<char> > &)" (?choixMenu@@YAHAAVRenderWindow@sf@@AAV?$basic_string@DU?$char_traits@D@std@@V?$allocator@D@2@@std@@@Z)
theTwist.obj : error LNK2019: unresolved external symbol "__declspec(dllimport) public: __thiscall sf::VideoMode::VideoMode(unsigned int,unsigned int,unsigned int)" (__imp_??0VideoMode@sf@@QAE@III@Z) referenced in function "void __cdecl afficherMenu(class std::basic_string<char,struct std::char_traits<char>,class std::allocator<char> > &)" (?afficherMenu@@YAXAAV?$basic_string@DU?$char_traits@D@std@@V?$allocator@D@2@@std@@@Z)
theTwist.obj : error LNK2019: unresolved external symbol "__declspec(dllimport) public: void __thiscall sf::Window::close(void)" (__imp_?close@Window@sf@@QAEXXZ) referenced in function "int __cdecl choixMenu(class sf::RenderWindow &,class std::basic_string<char,struct std::char_traits<char>,class std::allocator<char> > &)" (?choixMenu@@YAHAAVRenderWindow@sf@@AAV?$basic_string@DU?$char_traits@D@std@@V?$allocator@D@2@@std@@@Z)
theTwist.obj : error LNK2019: unresolved external symbol "__declspec(dllimport) public: bool __thiscall sf::Window::isOpen(void)const " (__imp_?isOpen@Window@sf@@QBE_NXZ) referenced in function "int __cdecl choixMenu(class sf::RenderWindow &,class std::basic_string<char,struct std::char_traits<char>,class std::allocator<char> > &)" (?choixMenu@@YAHAAVRenderWindow@sf@@AAV?$basic_string@DU?$char_traits@D@std@@V?$allocator@D@2@@std@@@Z)
theTwist.obj : error LNK2019: unresolved external symbol "__declspec(dllimport) public: bool __thiscall sf::Window::pollEvent(class sf::Event &)" (__imp_?pollEvent@Window@sf@@QAE_NAAVEvent@2@@Z) referenced in function "int __cdecl choixMenu(class sf::RenderWindow &,class std::basic_string<char,struct std::char_traits<char>,class std::allocator<char> > &)" (?choixMenu@@YAHAAVRenderWindow@sf@@AAV?$basic_string@DU?$char_traits@D@std@@V?$allocator@D@2@@std@@@Z)
theTwist.obj : error LNK2019: unresolved external symbol "__declspec(dllimport) public: void __thiscall sf::Window::display(void)" (__imp_?display@Window@sf@@QAEXXZ) referenced in function "void __cdecl afficherMenu(class std::basic_string<char,struct std::char_traits<char>,class std::allocator<char> > &)" (?afficherMenu@@YAXAAV?$basic_string@DU?$char_traits@D@std@@V?$allocator@D@2@@std@@@Z)
theTwist.obj : error LNK2019: unresolved external symbol "__declspec(dllimport) public: void __thiscall sf::Transformable::setPosition(float,float)" (__imp_?setPosition@Transformable@sf@@QAEXMM@Z) referenced in function "public: __thiscall salle::salle(void)" (??0salle@@QAE@XZ)
theTwist.obj : error LNK2019: unresolved external symbol "__declspec(dllimport) public: void __thiscall sf::Transformable::setPosition(class sf::Vector2<float> const &)" (__imp_?setPosition@Transformable@sf@@QAEXABV?$Vector2@M@2@@Z) referenced in function "class sf::RectangleShape __cdecl initRectangle(class sf::Vector2<float>,class sf::Color,class sf::Color,float,class sf::Vector2<float>,class sf::Vector2<float>)" (?initRectangle@@YA?AVRectangleShape@sf@@V?$Vector2@M@2@VColor@2@1M00@Z)
theTwist.obj : error LNK2019: unresolved external symbol "__declspec(dllimport) public: void __thiscall sf::Transformable::setRotation(float)" (__imp_?setRotation@Transformable@sf@@QAEXM@Z) referenced in function "public: __thiscall teStruct::teStruct(void)" (??0teStruct@@QAE@XZ)
theTwist.obj : error LNK2019: unresolved external symbol "__declspec(dllimport) public: void __thiscall sf::Transformable::setScale(float,float)" (__imp_?setScale@Transformable@sf@@QAEXMM@Z) referenced in function "public: __thiscall teStruct::teStruct(void)" (??0teStruct@@QAE@XZ)
theTwist.obj : error LNK2019: unresolved external symbol "__declspec(dllimport) public: void __thiscall sf::Transformable::setScale(class sf::Vector2<float> const &)" (__imp_?setScale@Transformable@sf@@QAEXABV?$Vector2@M@2@@Z) referenced in function "class sf::RectangleShape __cdecl initRectangle(class sf::Vector2<float>,class sf::Color,class sf::Color,float,class sf::Vector2<float>,class sf::Vector2<float>)" (?initRectangle@@YA?AVRectangleShape@sf@@V?$Vector2@M@2@VColor@2@1M00@Z)
theTwist.obj : error LNK2019: unresolved external symbol "__declspec(dllimport) public: void __thiscall sf::Transformable::setOrigin(class sf::Vector2<float> const &)" (__imp_?setOrigin@Transformable@sf@@QAEXABV?$Vector2@M@2@@Z) referenced in function "class sf::RectangleShape __cdecl initRectangle(class sf::Vector2<float>,class sf::Color,class sf::Color,float,class sf::Vector2<float>,class sf::Vector2<float>)" (?initRectangle@@YA?AVRectangleShape@sf@@V?$Vector2@M@2@VColor@2@1M00@Z)
theTwist.obj : error LNK2019: unresolved external symbol "__declspec(dllimport) public: class sf::Vector2<float> const & __thiscall sf::Transformable::getPosition(void)const " (__imp_?getPosition@Transformable@sf@@QBEABV?$Vector2@M@2@XZ) referenced in function "void __cdecl testPackPlay(struct teStruct &,class sf::RenderWindow &)" (?testPackPlay@@YAXAAUteStruct@@AAVRenderWindow@sf@@@Z)
theTwist.obj : error LNK2019: unresolved external symbol "__declspec(dllimport) public: float __thiscall sf::Transformable::getRotation(void)const " (__imp_?getRotation@Transformable@sf@@QBEMXZ) referenced in function "void __cdecl testPackPlay(struct teStruct &,class sf::RenderWindow &)" (?testPackPlay@@YAXAAUteStruct@@AAVRenderWindow@sf@@@Z)
theTwist.obj : error LNK2019: unresolved external symbol "__declspec(dllimport) public: class sf::Vector2<float> const & __thiscall sf::Transformable::getScale(void)const " (__imp_?getScale@Transformable@sf@@QBEABV?$Vector2@M@2@XZ) referenced in function "void __cdecl testPackPlay(struct teStruct &,class sf::RenderWindow &)" (?testPackPlay@@YAXAAUteStruct@@AAVRenderWindow@sf@@@Z)
theTwist.obj : error LNK2019: unresolved external symbol "__declspec(dllimport) public: void __thiscall sf::Transformable::move(float,float)" (__imp_?move@Transformable@sf@@QAEXMM@Z) referenced in function "void __cdecl testPackPlay(struct teStruct &,class sf::RenderWindow &)" (?testPackPlay@@YAXAAUteStruct@@AAVRenderWindow@sf@@@Z)
theTwist.obj : error LNK2019: unresolved external symbol "__declspec(dllimport) public: void __thiscall sf::Transformable::rotate(float)" (__imp_?rotate@Transformable@sf@@QAEXM@Z) referenced in function "void __cdecl testPackPlay(struct teStruct &,class sf::RenderWindow &)" (?testPackPlay@@YAXAAUteStruct@@AAVRenderWindow@sf@@@Z)
theTwist.obj : error LNK2019: unresolved external symbol "__declspec(dllimport) public: void __thiscall sf::Transformable::scale(float,float)" (__imp_?scale@Transformable@sf@@QAEXMM@Z) referenced in function "void __cdecl testPackPlay(struct teStruct &,class sf::RenderWindow &)" (?testPackPlay@@YAXAAUteStruct@@AAVRenderWindow@sf@@@Z)
theTwist.obj : error LNK2019: unresolved external symbol "__declspec(dllimport) public: class sf::Transform const & __thiscall sf::Transformable::getTransform(void)const " (__imp_?getTransform@Transformable@sf@@QBEABVTransform@2@XZ) referenced in function "class sf::RectangleShape __cdecl initRectangle(class sf::Vector2<float>,class sf::Color,class sf::Color,float,class sf::Vector2<float>,class sf::Vector2<float>)" (?initRectangle@@YA?AVRectangleShape@sf@@V?$Vector2@M@2@VColor@2@1M00@Z)
theTwist.obj : error LNK2019: unresolved external symbol "__declspec(dllimport) public: __thiscall sf::Color::Color(void)" (__imp_??0Color@sf@@QAE@XZ) referenced in function "void __cdecl `dynamic initializer for 'RECT''(void)" (??__ERECT@@YAXXZ)
theTwist.obj : error LNK2019: unresolved external symbol "__declspec(dllimport) public: __thiscall sf::Color::Color(unsigned char,unsigned char,unsigned char,unsigned char)" (__imp_??0Color@sf@@QAE@EEEE@Z) referenced in function "public: __thiscall teStruct::teStruct(void)" (??0teStruct@@QAE@XZ)
theTwist.obj : error LNK2019: unresolved external symbol "__declspec(dllimport) public: void __thiscall sf::Shape::setTexture(class sf::Texture const *,bool)" (__imp_?setTexture@Shape@sf@@QAEXPBVTexture@2@_N@Z) referenced in function "public: __thiscall salle::salle(void)" (??0salle@@QAE@XZ)
theTwist.obj : error LNK2019: unresolved external symbol "__declspec(dllimport) public: void __thiscall sf::Shape::setFillColor(class sf::Color const &)" (__imp_?setFillColor@Shape@sf@@QAEXABVColor@2@@Z) referenced in function "public: __thiscall teStruct::teStruct(void)" (??0teStruct@@QAE@XZ)
theTwist.obj : error LNK2019: unresolved external symbol "__declspec(dllimport) public: void __thiscall sf::Shape::setOutlineColor(class sf::Color const &)" (__imp_?setOutlineColor@Shape@sf@@QAEXABVColor@2@@Z) referenced in function "public: __thiscall salle::salle(void)" (??0salle@@QAE@XZ)
theTwist.obj : error LNK2019: unresolved external symbol "__declspec(dllimport) public: void __thiscall sf::Shape::setOutlineThickness(float)" (__imp_?setOutlineThickness@Shape@sf@@QAEXM@Z) referenced in function "public: __thiscall salle::salle(void)" (??0salle@@QAE@XZ)
theTwist.obj : error LNK2019: unresolved external symbol "__declspec(dllimport) public: class sf::Color const & __thiscall sf::Shape::getFillColor(void)const " (__imp_?getFillColor@Shape@sf@@QBEABVColor@2@XZ) referenced in function "public: __thiscall carre::carre(int,int,class sf::Vector2<int>,int)" (??0carre@@QAE@HHV?$Vector2@H@sf@@H@Z)
theTwist.obj : error LNK2019: unresolved external symbol "__declspec(dllimport) public: class sf::Color const & __thiscall sf::Shape::getOutlineColor(void)const " (__imp_?getOutlineColor@Shape@sf@@QBEABVColor@2@XZ) referenced in function "public: __thiscall carre::carre(int,int,class sf::Vector2<int>,int)" (??0carre@@QAE@HHV?$Vector2@H@sf@@H@Z)
theTwist.obj : error LNK2019: unresolved external symbol "__declspec(dllimport) public: __thiscall sf::CircleShape::CircleShape(float,unsigned int)" (__imp_??0CircleShape@sf@@QAE@MI@Z) referenced in function "public: __thiscall teStruct::teStruct(void)" (??0teStruct@@QAE@XZ)
theTwist.obj : error LNK2019: unresolved external symbol "__declspec(dllimport) public: void __thiscall sf::CircleShape::setRadius(float)" (__imp_?setRadius@CircleShape@sf@@QAEXM@Z) referenced in function "public: __thiscall teStruct::teStruct(void)" (??0teStruct@@QAE@XZ)
theTwist.obj : error LNK2019: unresolved external symbol "__declspec(dllimport) public: virtual __thiscall sf::CircleShape::~CircleShape(void)" (__imp_??1CircleShape@sf@@UAE@XZ) referenced in function __unwindfunclet$??0teStruct@@QAE@XZ$0
theTwist.obj : error LNK2019: unresolved external symbol "__declspec(dllimport) public: __thiscall sf::Texture::Texture(void)" (__imp_??0Texture@sf@@QAE@XZ) referenced in function "public: __thiscall salle::salle(void)" (??0salle@@QAE@XZ)
theTwist.obj : error LNK2019: unresolved external symbol "__declspec(dllimport) public: __thiscall sf::Texture::~Texture(void)" (__imp_??1Texture@sf@@QAE@XZ) referenced in function "public: __thiscall salle::salle(void)" (??0salle@@QAE@XZ)
theTwist.obj : error LNK2019: unresolved external symbol "__declspec(dllimport) public: bool __thiscall sf::Texture::loadFromFile(class std::basic_string<char,struct std::char_traits<char>,class std::allocator<char> > const &,class sf::Rect<int> const &)" (__imp_?loadFromFile@Texture@sf@@QAE_NABV?$basic_string@DU?$char_traits@D@std@@V?$allocator@D@2@@std@@ABV?$Rect@H@2@@Z) referenced in function "public: __thiscall salle::salle(void)" (??0salle@@QAE@XZ)
theTwist.obj : error LNK2019: unresolved external symbol "__declspec(dllimport) public: void __thiscall sf::Texture::setSmooth(bool)" (__imp_?setSmooth@Texture@sf@@QAEX_N@Z) referenced in function "void __cdecl afficherMenu(class std::basic_string<char,struct std::char_traits<char>,class std::allocator<char> > &)" (?afficherMenu@@YAXAAV?$basic_string@DU?$char_traits@D@std@@V?$allocator@D@2@@std@@@Z)
theTwist.obj : error LNK2019: unresolved external symbol "__declspec(dllimport) public: __thiscall sf::Font::Font(void)" (__imp_??0Font@sf@@QAE@XZ) referenced in function "void __cdecl afficherMenu(class std::basic_string<char,struct std::char_traits<char>,class std::allocator<char> > &)" (?afficherMenu@@YAXAAV?$basic_string@DU?$char_traits@D@std@@V?$allocator@D@2@@std@@@Z)
theTwist.obj : error LNK2019: unresolved external symbol "__declspec(dllimport) public: __thiscall sf::Font::~Font(void)" (__imp_??1Font@sf@@QAE@XZ) referenced in function "void __cdecl afficherMenu(class std::basic_string<char,struct std::char_traits<char>,class std::allocator<char> > &)" (?afficherMenu@@YAXAAV?$basic_string@DU?$char_traits@D@std@@V?$allocator@D@2@@std@@@Z)
theTwist.obj : error LNK2019: unresolved external symbol "__declspec(dllimport) public: bool __thiscall sf::Font::loadFromFile(class std::basic_string<char,struct std::char_traits<char>,class std::allocator<char> > const &)" (__imp_?loadFromFile@Font@sf@@QAE_NABV?$basic_string@DU?$char_traits@D@std@@V?$allocator@D@2@@std@@@Z) referenced in function "void __cdecl afficherMenu(class std::basic_string<char,struct std::char_traits<char>,class std::allocator<char> > &)" (?afficherMenu@@YAXAAV?$basic_string@DU?$char_traits@D@std@@V?$allocator@D@2@@std@@@Z)
theTwist.obj : error LNK2019: unresolved external symbol "__declspec(dllimport) public: __thiscall sf::RectangleShape::RectangleShape(class sf::Vector2<float> const &)" (__imp_??0RectangleShape@sf@@QAE@ABV?$Vector2@M@1@@Z) referenced in function "public: __thiscall salle::salle(void)" (??0salle@@QAE@XZ)
theTwist.obj : error LNK2019: unresolved external symbol "__declspec(dllimport) public: void __thiscall sf::RectangleShape::setSize(class sf::Vector2<float> const &)" (__imp_?setSize@RectangleShape@sf@@QAEXABV?$Vector2@M@2@@Z) referenced in function "public: __thiscall salle::salle(void)" (??0salle@@QAE@XZ)
theTwist.obj : error LNK2019: unresolved external symbol "__declspec(dllimport) public: virtual __thiscall sf::RectangleShape::~RectangleShape(void)" (__imp_??1RectangleShape@sf@@UAE@XZ) referenced in function __unwindfunclet$??0carre@@QAE@HHV?$Vector2@H@sf@@H@Z$0
theTwist.obj : error LNK2019: unresolved external symbol "__declspec(dllimport) public: __thiscall sf::RectangleShape::RectangleShape(class sf::RectangleShape const &)" (__imp_??0RectangleShape@sf@@QAE@ABV01@@Z) referenced in function "public: __thiscall carre::carre(struct carre const &)" (??0carre@@QAE@ABU0@@Z)
theTwist.obj : error LNK2019: unresolved external symbol "__declspec(dllimport) public: __thiscall sf::RectangleShape::RectangleShape(class sf::RectangleShape &&)" (__imp_??0RectangleShape@sf@@QAE@$$QAV01@@Z) referenced in function "class sf::RectangleShape __cdecl initRectangle(class sf::Vector2<float>,class sf::Color,class sf::Color,float,class sf::Vector2<float>,class sf::Vector2<float>)" (?initRectangle@@YA?AVRectangleShape@sf@@V?$Vector2@M@2@VColor@2@1M00@Z)
theTwist.obj : error LNK2019: unresolved external symbol "__declspec(dllimport) public: class sf::RectangleShape & __thiscall sf::RectangleShape::operator=(class sf::RectangleShape const &)" (__imp_??4RectangleShape@sf@@QAEAAV01@ABV01@@Z) referenced in function "public: struct carre & __thiscall carre::operator=(struct carre const &)" (??4carre@@QAEAAU0@ABU0@@Z)
theTwist.obj : error LNK2019: unresolved external symbol "__declspec(dllimport) public: void __thiscall sf::RenderTarget::clear(class sf::Color const &)" (__imp_?clear@RenderTarget@sf@@QAEXABVColor@2@@Z) referenced in function "int __cdecl menuOption(class sf::RenderWindow &,class std::basic_string<char,struct std::char_traits<char>,class std::allocator<char> > &)" (?menuOption@@YAHAAVRenderWindow@sf@@AAV?$basic_string@DU?$char_traits@D@std@@V?$allocator@D@2@@std@@@Z)
theTwist.obj : error LNK2019: unresolved external symbol "__declspec(dllimport) public: void __thiscall sf::RenderTarget::draw(class sf::Drawable const &,class sf::RenderStates const &)" (__imp_?draw@RenderTarget@sf@@QAEXABVDrawable@2@ABVRenderStates@2@@Z) referenced in function "public: void __thiscall salle::afficherInterface(class sf::RenderWindow &)" (?afficherInterface@salle@@QAEXAAVRenderWindow@sf@@@Z)
theTwist.obj : error LNK2019: unresolved external symbol "__declspec(dllimport) public: __thiscall sf::RenderWindow::RenderWindow(class sf::VideoMode,class sf::String const &,unsigned int,struct sf::ContextSettings const &)" (__imp_??0RenderWindow@sf@@QAE@VVideoMode@1@ABVString@1@IABUContextSettings@1@@Z) referenced in function "void __cdecl afficherMenu(class std::basic_string<char,struct std::char_traits<char>,class std::allocator<char> > &)" (?afficherMenu@@YAXAAV?$basic_string@DU?$char_traits@D@std@@V?$allocator@D@2@@std@@@Z)
theTwist.obj : error LNK2019: unresolved external symbol "__declspec(dllimport) public: virtual __thiscall sf::RenderWindow::~RenderWindow(void)" (__imp_??1RenderWindow@sf@@UAE@XZ) referenced in function "void __cdecl afficherMenu(class std::basic_string<char,struct std::char_traits<char>,class std::allocator<char> > &)" (?afficherMenu@@YAXAAV?$basic_string@DU?$char_traits@D@std@@V?$allocator@D@2@@std@@@Z)
theTwist.obj : error LNK2019: unresolved external symbol "__declspec(dllimport) public: __thiscall sf::Sprite::Sprite(class sf::Texture const &)" (__imp_??0Sprite@sf@@QAE@ABVTexture@1@@Z) referenced in function "void __cdecl afficherMenu(class std::basic_string<char,struct std::char_traits<char>,class std::allocator<char> > &)" (?afficherMenu@@YAXAAV?$basic_string@DU?$char_traits@D@std@@V?$allocator@D@2@@std@@@Z)
theTwist.obj : error LNK2019: unresolved external symbol "__declspec(dllimport) public: virtual __thiscall sf::Sprite::~Sprite(void)" (__imp_??1Sprite@sf@@UAE@XZ) referenced in function "void __cdecl afficherMenu(class std::basic_string<char,struct std::char_traits<char>,class std::allocator<char> > &)" (?afficherMenu@@YAXAAV?$basic_string@DU?$char_traits@D@std@@V?$allocator@D@2@@std@@@Z)
theTwist.obj : error LNK2019: unresolved external symbol "__declspec(dllimport) public: __thiscall sf::Text::Text(void)" (__imp_??0Text@sf@@QAE@XZ) referenced in function "void __cdecl afficherMenu(class std::basic_string<char,struct std::char_traits<char>,class std::allocator<char> > &)" (?afficherMenu@@YAXAAV?$basic_string@DU?$char_traits@D@std@@V?$allocator@D@2@@std@@@Z)
theTwist.obj : error LNK2019: unresolved external symbol "__declspec(dllimport) public: void __thiscall sf::Text::setString(class sf::String const &)" (__imp_?setString@Text@sf@@QAEXABVString@2@@Z) referenced in function "void __cdecl afficherMenu(class std::basic_string<char,struct std::char_traits<char>,class std::allocator<char> > &)" (?afficherMenu@@YAXAAV?$basic_string@DU?$char_traits@D@std@@V?$allocator@D@2@@std@@@Z)
theTwist.obj : error LNK2019: unresolved external symbol "__declspec(dllimport) public: void __thiscall sf::Text::setFont(class sf::Font const &)" (__imp_?setFont@Text@sf@@QAEXABVFont@2@@Z) referenced in function "void __cdecl afficherMenu(class std::basic_string<char,struct std::char_traits<char>,class std::allocator<char> > &)" (?afficherMenu@@YAXAAV?$basic_string@DU?$char_traits@D@std@@V?$allocator@D@2@@std@@@Z)
theTwist.obj : error LNK2019: unresolved external symbol "__declspec(dllimport) public: void __thiscall sf::Text::setCharacterSize(unsigned int)" (__imp_?setCharacterSize@Text@sf@@QAEXI@Z) referenced in function "void __cdecl afficherMenu(class std::basic_string<char,struct std::char_traits<char>,class std::allocator<char> > &)" (?afficherMenu@@YAXAAV?$basic_string@DU?$char_traits@D@std@@V?$allocator@D@2@@std@@@Z)
theTwist.obj : error LNK2019: unresolved external symbol "__declspec(dllimport) public: void __thiscall sf::Text::setStyle(unsigned int)" (__imp_?setStyle@Text@sf@@QAEXI@Z) referenced in function "void __cdecl afficherMenu(class std::basic_string<char,struct std::char_traits<char>,class std::allocator<char> > &)" (?afficherMenu@@YAXAAV?$basic_string@DU?$char_traits@D@std@@V?$allocator@D@2@@std@@@Z)
theTwist.obj : error LNK2019: unresolved external symbol "__declspec(dllimport) public: void __thiscall sf::Text::setColor(class sf::Color const &)" (__imp_?setColor@Text@sf@@QAEXABVColor@2@@Z) referenced in function "void __cdecl afficherMenu(class std::basic_string<char,struct std::char_traits<char>,class std::allocator<char> > &)" (?afficherMenu@@YAXAAV?$basic_string@DU?$char_traits@D@std@@V?$allocator@D@2@@std@@@Z)
theTwist.obj : error LNK2019: unresolved external symbol "__declspec(dllimport) public: virtual __thiscall sf::Text::~Text(void)" (__imp_??1Text@sf@@UAE@XZ) referenced in function "void __cdecl afficherMenu(class std::basic_string<char,struct std::char_traits<char>,class std::allocator<char> > &)" (?afficherMenu@@YAXAAV?$basic_string@DU?$char_traits@D@std@@V?$allocator@D@2@@std@@@Z)
theTwist.obj : error LNK2001: unresolved external symbol "__declspec(dllimport) public: static class sf::RenderStates const sf::RenderStates::Default" (__imp_?Default@RenderStates@sf@@2V12@B)
theTwist.obj : error LNK2001: unresolved external symbol "__declspec(dllimport) public: static class sf::Color const sf::Color::Black" (__imp_?Black@Color@sf@@2V12@B)
theTwist.obj : error LNK2001: unresolved external symbol "__declspec(dllimport) public: static class sf::Color const sf::Color::White" (__imp_?White@Color@sf@@2V12@B)
theTwist.obj : error LNK2001: unresolved external symbol "__declspec(dllimport) public: static class sf::Color const sf::Color::Red" (__imp_?Red@Color@sf@@2V12@B)
theTwist.obj : error LNK2001: unresolved external symbol "__declspec(dllimport) public: static class sf::Color const sf::Color::Green" (__imp_?Green@Color@sf@@2V12@B)
theTwist.obj : error LNK2001: unresolved external symbol "__declspec(dllimport) public: static class sf::Color const sf::Color::Yellow" (__imp_?Yellow@Color@sf@@2V12@B)
theTwist.obj : error LNK2001: unresolved external symbol "__declspec(dllimport) public: static class sf::Color const sf::Color::Magenta" (__imp_?Magenta@Color@sf@@2V12@B)
theTwist.obj : error LNK2001: unresolved external symbol "__declspec(dllimport) public: static class sf::Color const sf::Color::Cyan" (__imp_?Cyan@Color@sf@@2V12@B)
theTwist.obj : error LNK2001: unresolved external symbol "__declspec(dllimport) public: static class sf::Color const sf::Color::Transparent" (__imp_?Transparent@Color@sf@@2V12@B)
C:\Users\O L D\Desktop\1_Etudes\2s\168_C++\Exams\TP3\Projet\Debug\theTwist.exe : fatal error LNK1120: 66 unresolved externals
