  tutoGitSFML.cpp
c:\users\o l d\desktop\1_etudes\2s\168_c++\exams\tp3\headers\carre.h(122): warning C4244: 'argument': conversion from 'const int' to 'float', possible loss of data
c:\users\o l d\desktop\1_etudes\2s\168_c++\exams\tp3\headers\bloc.h(175): warning C4244: '=': conversion from 'int' to 'float', possible loss of data
c:\users\o l d\desktop\1_etudes\2s\168_c++\exams\tp3\headers\bloc.h(175): warning C4244: '=': conversion from 'float' to 'int', possible loss of data
c:\users\o l d\desktop\1_etudes\2s\168_c++\exams\tp3\headers\bloc.h(214): warning C4267: 'initializing': conversion from 'size_t' to 'int', possible loss of data
c:\users\o l d\desktop\1_etudes\2s\168_c++\exams\tp3\headers\bloc.h(258): warning C4267: 'initializing': conversion from 'size_t' to 'int', possible loss of data
c:\users\o l d\desktop\1_etudes\2s\168_c++\exams\tp3\headers\bloc.h(296): warning C4390: ';': empty controlled statement found; is this the intent?
c:\users\o l d\desktop\1_etudes\2s\168_c++\exams\tp3\headers\salle.h(59): warning C4244: 'argument': conversion from 'float' to 'int', possible loss of data
c:\users\o l d\desktop\1_etudes\2s\168_c++\exams\tp3\headers\salle.h(60): warning C4244: 'argument': conversion from 'const int' to 'float', possible loss of data
c:\users\o l d\desktop\1_etudes\2s\168_c++\exams\tp3\headers\salle.h(270): warning C4800: 'int': forcing value to bool 'true' or 'false' (performance warning)
c:\users\o l d\desktop\1_etudes\2s\168_c++\exams\tp3\headers\salle.h(270): warning C4244: '=': conversion from 'int' to 'float', possible loss of data
c:\users\o l d\desktop\1_etudes\2s\168_c++\exams\tp3\headers\salle.h(261): warning C4390: ';': empty controlled statement found; is this the intent?
c:\users\o l d\desktop\1_etudes\2s\168_c++\exams\tp3\headers\salle.h(400): warning C4244: 'argument': conversion from 'double' to 'float', possible loss of data
c:\users\o l d\desktop\1_etudes\2s\168_c++\exams\tp3\headers\salle.h(407): warning C4244: '=': conversion from 'double' to 'float', possible loss of data
c:\users\o l d\desktop\1_etudes\2s\168_c++\exams\tp3\headers\salle.h(830): warning C4244: 'argument': conversion from 'double' to 'float', possible loss of data
c:\users\o l d\desktop\1_etudes\2s\168_c++\exams\tp3\headers\salle.h(890): warning C4244: 'initializing': conversion from 'const float' to 'int', possible loss of data
c:\users\o l d\desktop\1_etudes\2s\168_c++\exams\tp3\headers\salle.h(903): warning C4244: 'argument': conversion from 'int' to 'float', possible loss of data
c:\users\o l d\desktop\1_etudes\2s\168_c++\exams\tp3\headers\salle.h(905): warning C4244: 'argument': conversion from 'int' to 'float', possible loss of data
c:\users\o l d\desktop\1_etudes\2s\168_c++\exams\tp3\tutogitsfml\tutogitsfml\tutogitsfml.cpp(71): warning C4244: 'argument': conversion from 'time_t' to 'unsigned int', possible loss of data
c:\users\o l d\desktop\1_etudes\2s\168_c++\exams\tp3\tutogitsfml\tutogitsfml\tutogitsfml.cpp(113): warning C4244: 'initializing': conversion from 'time_t' to 'unsigned int', possible loss of data
c:\users\o l d\desktop\1_etudes\2s\168_c++\exams\tp3\tutogitsfml\tutogitsfml\tutogitsfml.cpp(143): warning C4244: 'argument': conversion from 'float' to 'unsigned int', possible loss of data
c:\users\o l d\desktop\1_etudes\2s\168_c++\exams\tp3\tutogitsfml\tutogitsfml\tutogitsfml.cpp(87): warning C4996: 'sf::Text::setColor': was declared deprecated
  c:\users\o l d\desktop\1_etudes\2s\168_c++\exams\tp3\tutogitsfml\packages\sfml-system.2.4.0.0\build\native\include\sfml\graphics\text.hpp(177): note: see declaration of 'sf::Text::setColor'
c:\users\o l d\desktop\1_etudes\2s\168_c++\exams\tp3\tutogitsfml\tutogitsfml\tutogitsfml.cpp(107): warning C4390: ';': empty controlled statement found; is this the intent?
c:\users\o l d\desktop\1_etudes\2s\168_c++\exams\tp3\tutogitsfml\tutogitsfml\tutogitsfml.cpp(111): warning C4101: 'event': unreferenced local variable
c:\users\o l d\desktop\1_etudes\2s\168_c++\exams\tp3\tutogitsfml\tutogitsfml\tutogitsfml.cpp(164): warning C4101: 'posy': unreferenced local variable
c:\users\o l d\desktop\1_etudes\2s\168_c++\exams\tp3\tutogitsfml\tutogitsfml\tutogitsfml.cpp(164): warning C4101: 'posx': unreferenced local variable
c:\users\o l d\desktop\1_etudes\2s\168_c++\exams\tp3\tutogitsfml\tutogitsfml\tutogitsfml.cpp(266): warning C4101: 'scoreJoueur': unreferenced local variable
c:\users\o l d\desktop\1_etudes\2s\168_c++\exams\tp3\tutogitsfml\tutogitsfml\tutogitsfml.cpp(322): warning C4996: 'sf::Text::setColor': was declared deprecated
  c:\users\o l d\desktop\1_etudes\2s\168_c++\exams\tp3\tutogitsfml\packages\sfml-system.2.4.0.0\build\native\include\sfml\graphics\text.hpp(177): note: see declaration of 'sf::Text::setColor'
c:\users\o l d\desktop\1_etudes\2s\168_c++\exams\tp3\tutogitsfml\tutogitsfml\tutogitsfml.cpp(325): warning C4390: ';': empty controlled statement found; is this the intent?
c:\users\o l d\desktop\1_etudes\2s\168_c++\exams\tp3\tutogitsfml\tutogitsfml\tutogitsfml.cpp(444): warning C4244: 'argument': conversion from 'std::size_t' to 'float', possible loss of data
c:\users\o l d\desktop\1_etudes\2s\168_c++\exams\tp3\tutogitsfml\tutogitsfml\tutogitsfml.cpp(448): warning C4244: 'argument': conversion from 'std::size_t' to 'float', possible loss of data
c:\users\o l d\desktop\1_etudes\2s\168_c++\exams\tp3\tutogitsfml\tutogitsfml\tutogitsfml.cpp(453): warning C4244: 'argument': conversion from 'std::size_t' to 'float', possible loss of data
c:\users\o l d\desktop\1_etudes\2s\168_c++\exams\tp3\tutogitsfml\tutogitsfml\tutogitsfml.cpp(409): warning C4390: ';': empty controlled statement found; is this the intent?
c:\users\o l d\desktop\1_etudes\2s\168_c++\exams\tp3\tutogitsfml\tutogitsfml\tutogitsfml.cpp(410): warning C4390: ';': empty controlled statement found; is this the intent?
c:\users\o l d\desktop\1_etudes\2s\168_c++\exams\tp3\tutogitsfml\tutogitsfml\tutogitsfml.cpp(416): warning C4996: 'sf::Text::setColor': was declared deprecated
  c:\users\o l d\desktop\1_etudes\2s\168_c++\exams\tp3\tutogitsfml\packages\sfml-system.2.4.0.0\build\native\include\sfml\graphics\text.hpp(177): note: see declaration of 'sf::Text::setColor'
c:\users\o l d\desktop\1_etudes\2s\168_c++\exams\tp3\tutogitsfml\tutogitsfml\tutogitsfml.cpp(421): warning C4390: ';': empty controlled statement found; is this the intent?
c:\users\o l d\desktop\1_etudes\2s\168_c++\exams\tp3\tutogitsfml\tutogitsfml\tutogitsfml.cpp(498): warning C4390: ';': empty controlled statement found; is this the intent?
c:\users\o l d\desktop\1_etudes\2s\168_c++\exams\tp3\tutogitsfml\tutogitsfml\tutogitsfml.cpp(503): warning C4996: 'sf::Text::setColor': was declared deprecated
  c:\users\o l d\desktop\1_etudes\2s\168_c++\exams\tp3\tutogitsfml\packages\sfml-system.2.4.0.0\build\native\include\sfml\graphics\text.hpp(177): note: see declaration of 'sf::Text::setColor'
c:\users\o l d\desktop\1_etudes\2s\168_c++\exams\tp3\tutogitsfml\tutogitsfml\tutogitsfml.cpp(515): warning C4996: 'sprintf': This function or variable may be unsafe. Consider using sprintf_s instead. To disable deprecation, use _CRT_SECURE_NO_WARNINGS. See online help for details.
  c:\program files (x86)\windows kits\10\include\10.0.10240.0\ucrt\stdio.h(1769): note: see declaration of 'sprintf'
c:\users\o l d\desktop\1_etudes\2s\168_c++\exams\tp3\tutogitsfml\tutogitsfml\tutogitsfml.cpp(493): warning C4101: 'event': unreferenced local variable
c:\users\o l d\desktop\1_etudes\2s\168_c++\exams\tp3\tutogitsfml\tutogitsfml\tutogitsfml.cpp(565): warning C4267: 'initializing': conversion from 'size_t' to 'int', possible loss of data
c:\users\o l d\desktop\1_etudes\2s\168_c++\exams\tp3\tutogitsfml\tutogitsfml\tutogitsfml.cpp(551): warning C4390: ';': empty controlled statement found; is this the intent?
c:\users\o l d\desktop\1_etudes\2s\168_c++\exams\tp3\tutogitsfml\tutogitsfml\tutogitsfml.cpp(564): warning C4996: 'strcat': This function or variable may be unsafe. Consider using strcat_s instead. To disable deprecation, use _CRT_SECURE_NO_WARNINGS. See online help for details.
  c:\program files (x86)\windows kits\10\include\10.0.10240.0\ucrt\string.h(90): note: see declaration of 'strcat'
c:\users\o l d\desktop\1_etudes\2s\168_c++\exams\tp3\tutogitsfml\tutogitsfml\tutogitsfml.cpp(545): warning C4101: 'continuerPartie': unreferenced local variable
c:\users\o l d\desktop\1_etudes\2s\168_c++\exams\tp3\tutogitsfml\tutogitsfml\tutogitsfml.cpp(603): warning C4390: ';': empty controlled statement found; is this the intent?
c:\users\o l d\desktop\1_etudes\2s\168_c++\exams\tp3\tutogitsfml\tutogitsfml\tutogitsfml.cpp(604): warning C4390: ';': empty controlled statement found; is this the intent?
c:\users\o l d\desktop\1_etudes\2s\168_c++\exams\tp3\tutogitsfml\tutogitsfml\tutogitsfml.cpp(612): warning C4996: 'sf::Text::setColor': was declared deprecated
  c:\users\o l d\desktop\1_etudes\2s\168_c++\exams\tp3\tutogitsfml\packages\sfml-system.2.4.0.0\build\native\include\sfml\graphics\text.hpp(177): note: see declaration of 'sf::Text::setColor'
c:\users\o l d\desktop\1_etudes\2s\168_c++\exams\tp3\tutogitsfml\tutogitsfml\tutogitsfml.cpp(650): warning C4390: ';': empty controlled statement found; is this the intent?
c:\users\o l d\desktop\1_etudes\2s\168_c++\exams\tp3\tutogitsfml\tutogitsfml\tutogitsfml.cpp(658): warning C4996: 'sf::Text::setColor': was declared deprecated
  c:\users\o l d\desktop\1_etudes\2s\168_c++\exams\tp3\tutogitsfml\packages\sfml-system.2.4.0.0\build\native\include\sfml\graphics\text.hpp(177): note: see declaration of 'sf::Text::setColor'
c:\users\o l d\desktop\1_etudes\2s\168_c++\exams\tp3\tutogitsfml\tutogitsfml\tutogitsfml.cpp(798): warning C4390: ';': empty controlled statement found; is this the intent?
c:\users\o l d\desktop\1_etudes\2s\168_c++\exams\tp3\tutogitsfml\tutogitsfml\tutogitsfml.cpp(804): warning C4390: ';': empty controlled statement found; is this the intent?
c:\users\o l d\desktop\1_etudes\2s\168_c++\exams\tp3\tutogitsfml\tutogitsfml\tutogitsfml.cpp(816): warning C4390: ';': empty controlled statement found; is this the intent?
c:\users\o l d\desktop\1_etudes\2s\168_c++\exams\tp3\tutogitsfml\tutogitsfml\tutogitsfml.cpp(822): warning C4996: 'sf::Text::setColor': was declared deprecated
  c:\users\o l d\desktop\1_etudes\2s\168_c++\exams\tp3\tutogitsfml\packages\sfml-system.2.4.0.0\build\native\include\sfml\graphics\text.hpp(177): note: see declaration of 'sf::Text::setColor'
c:\users\o l d\desktop\1_etudes\2s\168_c++\exams\tp3\tutogitsfml\tutogitsfml\tutogitsfml.cpp(831): warning C4390: ';': empty controlled statement found; is this the intent?
c:\users\o l d\desktop\1_etudes\2s\168_c++\exams\tp3\tutogitsfml\tutogitsfml\tutogitsfml.cpp(846): warning C4996: 'sf::Text::setColor': was declared deprecated
  c:\users\o l d\desktop\1_etudes\2s\168_c++\exams\tp3\tutogitsfml\packages\sfml-system.2.4.0.0\build\native\include\sfml\graphics\text.hpp(177): note: see declaration of 'sf::Text::setColor'
c:\users\o l d\desktop\1_etudes\2s\168_c++\exams\tp3\tutogitsfml\tutogitsfml\tutogitsfml.cpp(854): warning C4390: ';': empty controlled statement found; is this the intent?
c:\users\o l d\desktop\1_etudes\2s\168_c++\exams\tp3\tutogitsfml\tutogitsfml\tutogitsfml.cpp(865): warning C4996: 'sf::Text::setColor': was declared deprecated
  c:\users\o l d\desktop\1_etudes\2s\168_c++\exams\tp3\tutogitsfml\packages\sfml-system.2.4.0.0\build\native\include\sfml\graphics\text.hpp(177): note: see declaration of 'sf::Text::setColor'
c:\users\o l d\desktop\1_etudes\2s\168_c++\exams\tp3\tutogitsfml\tutogitsfml\tutogitsfml.cpp(874): warning C4390: ';': empty controlled statement found; is this the intent?
c:\users\o l d\desktop\1_etudes\2s\168_c++\exams\tp3\tutogitsfml\tutogitsfml\tutogitsfml.cpp(888): warning C4996: 'sf::Text::setColor': was declared deprecated
  c:\users\o l d\desktop\1_etudes\2s\168_c++\exams\tp3\tutogitsfml\packages\sfml-system.2.4.0.0\build\native\include\sfml\graphics\text.hpp(177): note: see declaration of 'sf::Text::setColor'
c:\users\o l d\desktop\1_etudes\2s\168_c++\exams\tp3\tutogitsfml\tutogitsfml\tutogitsfml.cpp(910): warning C4996: 'sf::Text::setColor': was declared deprecated
  c:\users\o l d\desktop\1_etudes\2s\168_c++\exams\tp3\tutogitsfml\packages\sfml-system.2.4.0.0\build\native\include\sfml\graphics\text.hpp(177): note: see declaration of 'sf::Text::setColor'
c:\users\o l d\desktop\1_etudes\2s\168_c++\exams\tp3\tutogitsfml\tutogitsfml\tutogitsfml.cpp(923): warning C4996: 'sf::Text::setColor': was declared deprecated
  c:\users\o l d\desktop\1_etudes\2s\168_c++\exams\tp3\tutogitsfml\packages\sfml-system.2.4.0.0\build\native\include\sfml\graphics\text.hpp(177): note: see declaration of 'sf::Text::setColor'
c:\users\o l d\desktop\1_etudes\2s\168_c++\exams\tp3\tutogitsfml\tutogitsfml\tutogitsfml.cpp(940): warning C4390: ';': empty controlled statement found; is this the intent?
c:\users\o l d\desktop\1_etudes\2s\168_c++\exams\tp3\tutogitsfml\tutogitsfml\tutogitsfml.cpp(946): warning C4996: 'sf::Text::setColor': was declared deprecated
  c:\users\o l d\desktop\1_etudes\2s\168_c++\exams\tp3\tutogitsfml\packages\sfml-system.2.4.0.0\build\native\include\sfml\graphics\text.hpp(177): note: see declaration of 'sf::Text::setColor'
c:\users\o l d\desktop\1_etudes\2s\168_c++\exams\tp3\tutogitsfml\tutogitsfml\tutogitsfml.cpp(954): warning C4390: ';': empty controlled statement found; is this the intent?
c:\users\o l d\desktop\1_etudes\2s\168_c++\exams\tp3\tutogitsfml\tutogitsfml\tutogitsfml.cpp(997): warning C4390: ';': empty controlled statement found; is this the intent?
c:\users\o l d\desktop\1_etudes\2s\168_c++\exams\tp3\tutogitsfml\tutogitsfml\tutogitsfml.cpp(1006): warning C4996: 'sf::Text::setColor': was declared deprecated
  c:\users\o l d\desktop\1_etudes\2s\168_c++\exams\tp3\tutogitsfml\packages\sfml-system.2.4.0.0\build\native\include\sfml\graphics\text.hpp(177): note: see declaration of 'sf::Text::setColor'
c:\users\o l d\desktop\1_etudes\2s\168_c++\exams\tp3\tutogitsfml\tutogitsfml\tutogitsfml.cpp(1015): warning C4996: 'sf::Text::setColor': was declared deprecated
  c:\users\o l d\desktop\1_etudes\2s\168_c++\exams\tp3\tutogitsfml\packages\sfml-system.2.4.0.0\build\native\include\sfml\graphics\text.hpp(177): note: see declaration of 'sf::Text::setColor'
c:\users\o l d\desktop\1_etudes\2s\168_c++\exams\tp3\tutogitsfml\tutogitsfml\tutogitsfml.cpp(1024): warning C4390: ';': empty controlled statement found; is this the intent?
c:\users\o l d\desktop\1_etudes\2s\168_c++\exams\tp3\tutogitsfml\tutogitsfml\tutogitsfml.cpp(1033): warning C4996: 'sf::Text::setColor': was declared deprecated
  c:\users\o l d\desktop\1_etudes\2s\168_c++\exams\tp3\tutogitsfml\packages\sfml-system.2.4.0.0\build\native\include\sfml\graphics\text.hpp(177): note: see declaration of 'sf::Text::setColor'
c:\users\o l d\desktop\1_etudes\2s\168_c++\exams\tp3\tutogitsfml\tutogitsfml\tutogitsfml.cpp(1042): warning C4996: 'sf::Text::setColor': was declared deprecated
  c:\users\o l d\desktop\1_etudes\2s\168_c++\exams\tp3\tutogitsfml\packages\sfml-system.2.4.0.0\build\native\include\sfml\graphics\text.hpp(177): note: see declaration of 'sf::Text::setColor'
c:\users\o l d\desktop\1_etudes\2s\168_c++\exams\tp3\tutogitsfml\tutogitsfml\tutogitsfml.cpp(1061): warning C4390: ';': empty controlled statement found; is this the intent?
c:\users\o l d\desktop\1_etudes\2s\168_c++\exams\tp3\tutogitsfml\tutogitsfml\tutogitsfml.cpp(1066): warning C4996: 'sf::Text::setColor': was declared deprecated
  c:\users\o l d\desktop\1_etudes\2s\168_c++\exams\tp3\tutogitsfml\packages\sfml-system.2.4.0.0\build\native\include\sfml\graphics\text.hpp(177): note: see declaration of 'sf::Text::setColor'
c:\users\o l d\desktop\1_etudes\2s\168_c++\exams\tp3\tutogitsfml\tutogitsfml\tutogitsfml.cpp(1075): warning C4996: 'sf::Text::setColor': was declared deprecated
  c:\users\o l d\desktop\1_etudes\2s\168_c++\exams\tp3\tutogitsfml\packages\sfml-system.2.4.0.0\build\native\include\sfml\graphics\text.hpp(177): note: see declaration of 'sf::Text::setColor'
c:\users\o l d\desktop\1_etudes\2s\168_c++\exams\tp3\tutogitsfml\tutogitsfml\tutogitsfml.cpp(1084): warning C4996: 'sf::Text::setColor': was declared deprecated
  c:\users\o l d\desktop\1_etudes\2s\168_c++\exams\tp3\tutogitsfml\packages\sfml-system.2.4.0.0\build\native\include\sfml\graphics\text.hpp(177): note: see declaration of 'sf::Text::setColor'
c:\users\o l d\desktop\1_etudes\2s\168_c++\exams\tp3\tutogitsfml\tutogitsfml\tutogitsfml.cpp(1104): warning C4390: ';': empty controlled statement found; is this the intent?
c:\users\o l d\desktop\1_etudes\2s\168_c++\exams\tp3\tutogitsfml\tutogitsfml\tutogitsfml.cpp(1108): warning C4996: 'sf::Text::setColor': was declared deprecated
  c:\users\o l d\desktop\1_etudes\2s\168_c++\exams\tp3\tutogitsfml\packages\sfml-system.2.4.0.0\build\native\include\sfml\graphics\text.hpp(177): note: see declaration of 'sf::Text::setColor'
c:\users\o l d\desktop\1_etudes\2s\168_c++\exams\tp3\tutogitsfml\tutogitsfml\tutogitsfml.cpp(1117): warning C4996: 'sf::Text::setColor': was declared deprecated
  c:\users\o l d\desktop\1_etudes\2s\168_c++\exams\tp3\tutogitsfml\packages\sfml-system.2.4.0.0\build\native\include\sfml\graphics\text.hpp(177): note: see declaration of 'sf::Text::setColor'
c:\users\o l d\desktop\1_etudes\2s\168_c++\exams\tp3\tutogitsfml\tutogitsfml\tutogitsfml.cpp(1126): warning C4996: 'sf::Text::setColor': was declared deprecated
  c:\users\o l d\desktop\1_etudes\2s\168_c++\exams\tp3\tutogitsfml\packages\sfml-system.2.4.0.0\build\native\include\sfml\graphics\text.hpp(177): note: see declaration of 'sf::Text::setColor'
c:\users\o l d\desktop\1_etudes\2s\168_c++\exams\tp3\tutogitsfml\tutogitsfml\tutogitsfml.cpp(1143): warning C4390: ';': empty controlled statement found; is this the intent?
c:\users\o l d\desktop\1_etudes\2s\168_c++\exams\tp3\tutogitsfml\tutogitsfml\tutogitsfml.cpp(1148): warning C4996: 'sf::Text::setColor': was declared deprecated
  c:\users\o l d\desktop\1_etudes\2s\168_c++\exams\tp3\tutogitsfml\packages\sfml-system.2.4.0.0\build\native\include\sfml\graphics\text.hpp(177): note: see declaration of 'sf::Text::setColor'
c:\users\o l d\desktop\1_etudes\2s\168_c++\exams\tp3\tutogitsfml\tutogitsfml\tutogitsfml.cpp(1157): warning C4996: 'sf::Text::setColor': was declared deprecated
  c:\users\o l d\desktop\1_etudes\2s\168_c++\exams\tp3\tutogitsfml\packages\sfml-system.2.4.0.0\build\native\include\sfml\graphics\text.hpp(177): note: see declaration of 'sf::Text::setColor'
c:\users\o l d\desktop\1_etudes\2s\168_c++\exams\tp3\tutogitsfml\tutogitsfml\tutogitsfml.cpp(1166): warning C4996: 'sf::Text::setColor': was declared deprecated
  c:\users\o l d\desktop\1_etudes\2s\168_c++\exams\tp3\tutogitsfml\packages\sfml-system.2.4.0.0\build\native\include\sfml\graphics\text.hpp(177): note: see declaration of 'sf::Text::setColor'
c:\users\o l d\desktop\1_etudes\2s\168_c++\exams\tp3\tutogitsfml\tutogitsfml\tutogitsfml.cpp(1204): warning C4390: ';': empty controlled statement found; is this the intent?
c:\users\o l d\desktop\1_etudes\2s\168_c++\exams\tp3\tutogitsfml\tutogitsfml\tutogitsfml.cpp(1219): warning C4996: 'sf::Text::setColor': was declared deprecated
  c:\users\o l d\desktop\1_etudes\2s\168_c++\exams\tp3\tutogitsfml\packages\sfml-system.2.4.0.0\build\native\include\sfml\graphics\text.hpp(177): note: see declaration of 'sf::Text::setColor'
c:\users\o l d\desktop\1_etudes\2s\168_c++\exams\tp3\tutogitsfml\tutogitsfml\tutogitsfml.cpp(1226): warning C4390: ';': empty controlled statement found; is this the intent?
c:\users\o l d\desktop\1_etudes\2s\168_c++\exams\tp3\tutogitsfml\tutogitsfml\tutogitsfml.cpp(1307): warning C4244: 'argument': conversion from 'float' to 'unsigned int', possible loss of data
c:\users\o l d\desktop\1_etudes\2s\168_c++\exams\tp3\tutogitsfml\tutogitsfml\tutogitsfml.cpp(1323): warning C4244: 'argument': conversion from 'double' to 'float', possible loss of data
c:\users\o l d\desktop\1_etudes\2s\168_c++\exams\tp3\tutogitsfml\tutogitsfml\tutogitsfml.cpp(1313): warning C4996: 'sf::Text::setColor': was declared deprecated
  c:\users\o l d\desktop\1_etudes\2s\168_c++\exams\tp3\tutogitsfml\packages\sfml-system.2.4.0.0\build\native\include\sfml\graphics\text.hpp(177): note: see declaration of 'sf::Text::setColor'
c:\users\o l d\desktop\1_etudes\2s\168_c++\exams\tp3\tutogitsfml\tutogitsfml\tutogitsfml.cpp(1315): warning C4996: 'sf::Text::setColor': was declared deprecated
  c:\users\o l d\desktop\1_etudes\2s\168_c++\exams\tp3\tutogitsfml\packages\sfml-system.2.4.0.0\build\native\include\sfml\graphics\text.hpp(177): note: see declaration of 'sf::Text::setColor'
c:\users\o l d\desktop\1_etudes\2s\168_c++\exams\tp3\tutogitsfml\tutogitsfml\tutogitsfml.cpp(1317): warning C4996: 'sf::Text::setColor': was declared deprecated
  c:\users\o l d\desktop\1_etudes\2s\168_c++\exams\tp3\tutogitsfml\packages\sfml-system.2.4.0.0\build\native\include\sfml\graphics\text.hpp(177): note: see declaration of 'sf::Text::setColor'
c:\users\o l d\desktop\1_etudes\2s\168_c++\exams\tp3\tutogitsfml\tutogitsfml\tutogitsfml.cpp(1319): warning C4996: 'sf::Text::setColor': was declared deprecated
  c:\users\o l d\desktop\1_etudes\2s\168_c++\exams\tp3\tutogitsfml\packages\sfml-system.2.4.0.0\build\native\include\sfml\graphics\text.hpp(177): note: see declaration of 'sf::Text::setColor'
c:\users\o l d\desktop\1_etudes\2s\168_c++\exams\tp3\tutogitsfml\tutogitsfml\tutogitsfml.cpp(1321): warning C4996: 'sf::Text::setColor': was declared deprecated
  c:\users\o l d\desktop\1_etudes\2s\168_c++\exams\tp3\tutogitsfml\packages\sfml-system.2.4.0.0\build\native\include\sfml\graphics\text.hpp(177): note: see declaration of 'sf::Text::setColor'
c:\users\o l d\desktop\1_etudes\2s\168_c++\exams\tp3\tutogitsfml\tutogitsfml\tutogitsfml.cpp(1324): warning C4996: 'sf::Text::setColor': was declared deprecated
  c:\users\o l d\desktop\1_etudes\2s\168_c++\exams\tp3\tutogitsfml\packages\sfml-system.2.4.0.0\build\native\include\sfml\graphics\text.hpp(177): note: see declaration of 'sf::Text::setColor'
c:\users\o l d\desktop\1_etudes\2s\168_c++\exams\tp3\tutogitsfml\tutogitsfml\tutogitsfml.cpp(1344): warning C4390: ';': empty controlled statement found; is this the intent?
c:\users\o l d\desktop\1_etudes\2s\168_c++\exams\tp3\tutogitsfml\tutogitsfml\tutogitsfml.cpp(1345): warning C4390: ';': empty controlled statement found; is this the intent?
c:\users\o l d\desktop\1_etudes\2s\168_c++\exams\tp3\tutogitsfml\tutogitsfml\tutogitsfml.cpp(1358): warning C4390: ';': empty controlled statement found; is this the intent?
c:\users\o l d\desktop\1_etudes\2s\168_c++\exams\tp3\tutogitsfml\tutogitsfml\tutogitsfml.cpp(1360): warning C4996: 'sf::Text::setColor': was declared deprecated
  c:\users\o l d\desktop\1_etudes\2s\168_c++\exams\tp3\tutogitsfml\packages\sfml-system.2.4.0.0\build\native\include\sfml\graphics\text.hpp(177): note: see declaration of 'sf::Text::setColor'
c:\users\o l d\desktop\1_etudes\2s\168_c++\exams\tp3\tutogitsfml\tutogitsfml\tutogitsfml.cpp(1369): warning C4390: ';': empty controlled statement found; is this the intent?
c:\users\o l d\desktop\1_etudes\2s\168_c++\exams\tp3\tutogitsfml\tutogitsfml\tutogitsfml.cpp(1384): warning C4390: ';': empty controlled statement found; is this the intent?
c:\users\o l d\desktop\1_etudes\2s\168_c++\exams\tp3\tutogitsfml\tutogitsfml\tutogitsfml.cpp(1398): warning C4390: ';': empty controlled statement found; is this the intent?
c:\users\o l d\desktop\1_etudes\2s\168_c++\exams\tp3\tutogitsfml\tutogitsfml\tutogitsfml.cpp(1413): warning C4390: ';': empty controlled statement found; is this the intent?
c:\users\o l d\desktop\1_etudes\2s\168_c++\exams\tp3\tutogitsfml\tutogitsfml\tutogitsfml.cpp(311): warning C4715: 'questionOuiNonSFML': not all control paths return a value
c:\users\o l d\desktop\1_etudes\2s\168_c++\exams\tp3\tutogitsfml\tutogitsfml\tutogitsfml.cpp(1293): warning C4715: 'choixMenu': not all control paths return a value
c:\users\o l d\desktop\1_etudes\2s\168_c++\exams\tp3\tutogitsfml\tutogitsfml\tutogitsfml.cpp(1240): warning C4715: 'menuOption': not all control paths return a value
  tutoGitSFML.vcxproj -> C:\Users\O L D\Desktop\1_Etudes\2s\168_C++\Exams\TP3\tutoGitSFML\x64\Debug\tutoGitSFML.exe
  tutoGitSFML.vcxproj -> C:\Users\O L D\Desktop\1_Etudes\2s\168_C++\Exams\TP3\tutoGitSFML\x64\Debug\tutoGitSFML.pdb (Full PDB)
